<?xml version="1.0" encoding="UTF-8"?>
<!-- Generated by org.testng.reporters.JUnitReportReporter -->
<testsuite skipped="0" hostname="DML-01934" name="mdThink.SiteChecksUsingRestAssured" tests="1" failures="0" timestamp="25 Jul 2018 20:29:30 GMT" time="4.072" errors="0">
  <testcase name="siteChecker" time="4.072" classname="mdThink.SiteChecksUsingRestAssured"/>
</testsuite> <!-- mdThink.SiteChecksUsingRestAssured -->
