<?xml version="1.0" encoding="UTF-8"?>
<!-- Generated by org.testng.reporters.JUnitReportReporter -->
<testsuite skipped="0" hostname="DML-01934" name="testing.TestNgTest" tests="1" failures="0" timestamp="24 Jul 2018 19:40:25 GMT" time="0.019" errors="0">
  <testcase name="verifyHomepageTitle" time="0.019" classname="testing.TestNgTest"/>
</testsuite> <!-- testing.TestNgTest -->
