<?xml version="1.0" encoding="UTF-8"?>
<!-- Generated by org.testng.reporters.JUnitReportReporter -->
<testsuite skipped="1" hostname="DML-01934" name="mdThink.SiteChecksArray" tests="1" failures="0" timestamp="06 Sep 2018 21:05:03 GMT" time="0.000" errors="0">
  <testcase name="checkUrls2" time="0.000" classname="mdThink.SiteChecksArray">
    <skipped/>
  </testcase> <!-- checkUrls2 -->
</testsuite> <!-- mdThink.SiteChecksArray -->
