<?xml version="1.0" encoding="UTF-8"?>
<!-- Generated by org.testng.reporters.JUnitReportReporter -->
<testsuite skipped="0" hostname="DML-01934" name="mdThink.SiteChecks" tests="1" failures="0" timestamp="23 Aug 2018 19:18:43 GMT" time="13.681" errors="0">
  <testcase name="checkUrls" time="13.681" classname="mdThink.SiteChecks"/>
</testsuite> <!-- mdThink.SiteChecks -->
