<?xml version="1.0" encoding="UTF-8"?>
<!-- Generated by org.testng.reporters.JUnitReportReporter -->
<testsuite skipped="0" hostname="DML-01934" name="mdThink.SiteChecks2" tests="1" failures="0" timestamp="16 Aug 2018 21:52:33 GMT" time="4.949" errors="0">
  <testcase name="checkUrls2" time="4.949" classname="mdThink.SiteChecks2"/>
</testsuite> <!-- mdThink.SiteChecks2 -->
